<?xml version="1.0" encoding="UTF-8"?>
<testng-results skipped="0" failed="0" total="1" passed="1">
  <reporter-output>
  </reporter-output>
  <suite name="Default suite" duration-ms="18565" started-at="2019-09-14T18:03:31Z" finished-at="2019-09-14T18:03:49Z">
    <groups>
    </groups>
    <test name="Default test" duration-ms="18565" started-at="2019-09-14T18:03:31Z" finished-at="2019-09-14T18:03:49Z">
      <class name="tests.SearchTest">
        <test-method status="PASS" signature="setUp()[pri:0, instance:tests.SearchTest@12cc05a]" name="setUp" is-config="true" duration-ms="15994" started-at="2019-09-14T20:03:31Z" finished-at="2019-09-14T20:03:47Z">
          <reporter-output>
          </reporter-output>
        </test-method> <!-- setUp -->
        <test-method status="PASS" signature="checkAllItemsIStock()[pri:0, instance:tests.SearchTest@12cc05a]" name="checkAllItemsIStock" duration-ms="2539" started-at="2019-09-14T20:03:47Z" finished-at="2019-09-14T20:03:49Z">
          <reporter-output>
          </reporter-output>
        </test-method> <!-- checkAllItemsIStock -->
      </class> <!-- tests.SearchTest -->
    </test> <!-- Default test -->
  </suite> <!-- Default suite -->
</testng-results>
